11-03 23:35:49 com_github_MitjaNemec_ReplicateLayout.action_replicate_layout 392:Plugin executed on: 'linux'
11-03 23:35:49 com_github_MitjaNemec_ReplicateLayout.action_replicate_layout 393:Plugin executed with python version: '3.8.10 (default, Sep 11 2024, 16:02:53) \n[GCC 9.4.0]'
11-03 23:35:49 com_github_MitjaNemec_ReplicateLayout.action_replicate_layout 394:KiCad build version: 8.0.4-8.0.4-0~ubuntu20.04.1
11-03 23:35:49 com_github_MitjaNemec_ReplicateLayout.action_replicate_layout 395:Plugin version: 3.0.3
11-03 23:35:49 com_github_MitjaNemec_ReplicateLayout.action_replicate_layout 396:Frame repr: <wx._core.Frame object at 0x7f8d86fab3a0>
11-03 23:35:49 com_github_MitjaNemec_ReplicateLayout.action_replicate_layout 420:Preparing replicator with K14 as a reference
11-03 23:35:49 com_github_MitjaNemec_ReplicateLayout.replicate_layout 117:getting a list of all footprints on board
11-03 23:35:50 com_github_MitjaNemec_ReplicateLayout.action_replicate_layout 468:source anchor footprint is 'K14'
Located on: ['led_cluster1', 'led_cur_lim']
With filenames: ['led_cluster.kicad_sch', 'led_cur_lim.kicad_sch']
With sheet_id:['led_cluster1', 'led_cur_lim']
11-03 23:35:50 com_github_MitjaNemec_ReplicateLayout.action_replicate_layout 475:Corresponding footprints are 
[('K28', ['led_cur_lim8']), ('K26', ['led_cur_lim7']), ('K24', ['led_cur_lim6']), ('K22', ['led_cur_lim5']), ('K20', ['led_cluster1', 'led_cur_lim4']), ('K18', ['led_cluster1', 'led_cur_lim2']), ('K16', ['led_cluster1', 'led_cur_lim3']), ('K14', ['led_cluster1', 'led_cur_lim']), ('K12', ['led_cluster1', 'led_cur_lim1']), ('K10', ['led_cluster', 'led_cur_lim4']), ('K8', ['led_cluster', 'led_cur_lim3']), ('K6', ['led_cluster', 'led_cur_lim2']), ('K4', ['led_cluster', 'led_cur_lim1']), ('K2', ['led_cluster', 'led_cur_lim'])]
11-03 23:35:50 com_github_MitjaNemec_ReplicateLayout.action_replicate_layout 487:Showing dialog
11-03 23:35:50 com_github_MitjaNemec_ReplicateLayout.replicate_layout 472:constructing a list of sheets suitable for replication on level:'led_cur_lim', file:'led_cur_lim.kicad_sch'
11-03 23:35:50 com_github_MitjaNemec_ReplicateLayout.replicate_layout 509:suitable sheets are:[['led_cluster', 'led_cur_lim'], ['led_cluster', 'led_cur_lim1'], ['led_cluster', 'led_cur_lim2'], ['led_cluster', 'led_cur_lim3'], ['led_cluster', 'led_cur_lim4'], ['led_cluster1', 'led_cur_lim1'], ['led_cluster1', 'led_cur_lim2'], ['led_cluster1', 'led_cur_lim3'], ['led_cluster1', 'led_cur_lim4'], ['led_cur_lim5'], ['led_cur_lim6'], ['led_cur_lim7'], ['led_cur_lim8']]
11-03 23:35:50 com_github_MitjaNemec_ReplicateLayout.replicate_layout 1507:Level selected: ['led_cluster1', 'led_cur_lim']
11-03 23:35:50 com_github_MitjaNemec_ReplicateLayout.replicate_layout 1331:Filtering list of tracks
11-03 23:35:50 com_github_MitjaNemec_ReplicateLayout.action_replicate_layout 493:Toolbar position: wx.Point(3806, 123)
11-03 23:35:50 com_github_MitjaNemec_ReplicateLayout.action_replicate_layout 498:Dialog position: wx.Point(3367, 123)
11-03 23:35:56 com_github_MitjaNemec_ReplicateLayout.replicate_layout 472:constructing a list of sheets suitable for replication on level:'led_cur_lim', file:'led_cur_lim.kicad_sch'
11-03 23:35:56 com_github_MitjaNemec_ReplicateLayout.replicate_layout 509:suitable sheets are:[['led_cluster', 'led_cur_lim'], ['led_cluster', 'led_cur_lim1'], ['led_cluster', 'led_cur_lim2'], ['led_cluster', 'led_cur_lim3'], ['led_cluster', 'led_cur_lim4'], ['led_cluster1', 'led_cur_lim1'], ['led_cluster1', 'led_cur_lim2'], ['led_cluster1', 'led_cur_lim3'], ['led_cluster1', 'led_cur_lim4'], ['led_cur_lim5'], ['led_cur_lim6'], ['led_cur_lim7'], ['led_cur_lim8']]
11-03 23:35:56 com_github_MitjaNemec_ReplicateLayout.action_replicate_layout 240:Replicating layout
11-03 23:35:56 com_github_MitjaNemec_ReplicateLayout.replicate_layout 288:Starting replication of sheets: [['led_cur_lim8']]
on level: ['led_cluster1', 'led_cur_lim']
with tracks=True, zone=True, text=True, text=True, intersecting=False, remove=False, locked footprints=False, group_only=False
11-03 23:35:56 root 332:updating GUI message: 'Preparing for replication'
11-03 23:35:57 root 337:updating GUI with: 0
11-03 23:35:57 com_github_MitjaNemec_ReplicateLayout.replicate_layout 358:Getting the list of source footprints
11-03 23:35:57 root 337:updating GUI with: 0
11-03 23:35:57 com_github_MitjaNemec_ReplicateLayout.replicate_layout 368:Getting the list of all the remaining footprints
11-03 23:35:57 com_github_MitjaNemec_ReplicateLayout.replicate_layout 375:Getting source tracks
11-03 23:35:57 com_github_MitjaNemec_ReplicateLayout.replicate_layout 1331:Filtering list of tracks
11-03 23:35:57 com_github_MitjaNemec_ReplicateLayout.replicate_layout 379:Getting source zones
11-03 23:35:57 com_github_MitjaNemec_ReplicateLayout.replicate_layout 383:Getting source text items
11-03 23:35:57 com_github_MitjaNemec_ReplicateLayout.replicate_layout 387:Getting source drawing items
11-03 23:35:57 root 332:updating GUI message: 'Replicating footprints'
11-03 23:35:57 com_github_MitjaNemec_ReplicateLayout.replicate_layout 861:Replicating footprints
11-03 23:35:57 com_github_MitjaNemec_ReplicateLayout.replicate_layout 868:Replicating footprints on sheet ['led_cur_lim8']
11-03 23:35:57 com_github_MitjaNemec_ReplicateLayout.replicate_layout 985:Src text UUid:332d052f-dd62-4c7e-b62b-25d902969770
11-03 23:35:57 com_github_MitjaNemec_ReplicateLayout.replicate_layout 986:Dst text UUid:b87be7b2-23c1-40be-beef-7fe5f7556b05
11-03 23:35:57 com_github_MitjaNemec_ReplicateLayout.replicate_layout 985:Src text UUid:72fcfeb0-9a62-4034-a74e-914263b6c678
11-03 23:35:57 com_github_MitjaNemec_ReplicateLayout.replicate_layout 986:Dst text UUid:e6f26b53-7630-4f19-8d71-1092f56f8e07
11-03 23:35:57 com_github_MitjaNemec_ReplicateLayout.replicate_layout 985:Src text UUid:dc7159ae-3ab5-4078-824f-19c66237fe3c
11-03 23:35:57 com_github_MitjaNemec_ReplicateLayout.replicate_layout 986:Dst text UUid:c6914e24-5d57-4d38-9b7b-d7b3a786b03d
11-03 23:35:57 com_github_MitjaNemec_ReplicateLayout.replicate_layout 985:Src text UUid:89059e5b-d98b-4ddd-ab17-52ee8c2dc4cd
11-03 23:35:57 com_github_MitjaNemec_ReplicateLayout.replicate_layout 986:Dst text UUid:f5accae5-7e6a-4a1d-bfbb-fa47b8001331
11-03 23:35:57 com_github_MitjaNemec_ReplicateLayout.replicate_layout 985:Src text UUid:9fe561b8-aee6-471f-9d0d-166f6406cf35
11-03 23:35:57 com_github_MitjaNemec_ReplicateLayout.replicate_layout 986:Dst text UUid:ffbfd91c-a97b-4504-a32b-2dc41ba838ed
11-03 23:35:57 com_github_MitjaNemec_ReplicateLayout.replicate_layout 985:Src text UUid:668a04ff-b928-4be0-869a-7ab31201fa41
11-03 23:35:57 com_github_MitjaNemec_ReplicateLayout.replicate_layout 986:Dst text UUid:ba7f0563-fc1a-45b8-952c-0b9e21778bb0
11-03 23:35:57 com_github_MitjaNemec_ReplicateLayout.replicate_layout 985:Src text UUid:c143627f-b974-4366-891a-17a59e805f56
11-03 23:35:57 com_github_MitjaNemec_ReplicateLayout.replicate_layout 986:Dst text UUid:869600cd-40f6-4bc8-818f-2b932b49a979
11-03 23:35:57 com_github_MitjaNemec_ReplicateLayout.replicate_layout 985:Src text UUid:31ddea34-48aa-4934-8c34-056532e4b7d5
11-03 23:35:57 com_github_MitjaNemec_ReplicateLayout.replicate_layout 986:Dst text UUid:66a40ebf-65b7-4302-a0d0-b6d1e6ce28c0
11-03 23:35:57 com_github_MitjaNemec_ReplicateLayout.replicate_layout 985:Src text UUid:fc07af9e-94a7-4fef-af80-253ceec4b500
11-03 23:35:57 com_github_MitjaNemec_ReplicateLayout.replicate_layout 986:Dst text UUid:5f743b42-dbda-4850-a95f-d086a93f3d77
11-03 23:35:57 com_github_MitjaNemec_ReplicateLayout.replicate_layout 985:Src text UUid:0c700418-8527-463c-9e4a-d23aa32f9224
11-03 23:35:57 com_github_MitjaNemec_ReplicateLayout.replicate_layout 986:Dst text UUid:125c5725-65db-4b06-868b-b47687ef080b
11-03 23:35:57 com_github_MitjaNemec_ReplicateLayout.replicate_layout 985:Src text UUid:7072b4e8-45d4-4939-bbeb-28f20b6d8b9f
11-03 23:35:57 com_github_MitjaNemec_ReplicateLayout.replicate_layout 986:Dst text UUid:31b3652e-8a73-4a0b-b239-dcca806d3532
11-03 23:35:57 com_github_MitjaNemec_ReplicateLayout.replicate_layout 985:Src text UUid:bd9d6209-a77d-438e-b418-7cd7800fee1b
11-03 23:35:57 com_github_MitjaNemec_ReplicateLayout.replicate_layout 986:Dst text UUid:a9108c84-763d-44fb-89bf-b0844828f281
11-03 23:35:57 com_github_MitjaNemec_ReplicateLayout.replicate_layout 985:Src text UUid:ef183bf0-9ff8-4ec7-bf15-4b74acb3602f
11-03 23:35:57 com_github_MitjaNemec_ReplicateLayout.replicate_layout 986:Dst text UUid:bb117f2f-df02-446e-ac01-7c319837cd42
11-03 23:35:57 com_github_MitjaNemec_ReplicateLayout.replicate_layout 985:Src text UUid:428591b9-1768-4889-91b7-b10899c31fe6
11-03 23:35:57 com_github_MitjaNemec_ReplicateLayout.replicate_layout 986:Dst text UUid:790d3c74-0eb1-4bb2-806e-15038086f5a1
11-03 23:35:57 com_github_MitjaNemec_ReplicateLayout.replicate_layout 985:Src text UUid:2fb6559e-bf52-4f60-914b-9c8cb6969eea
11-03 23:35:57 com_github_MitjaNemec_ReplicateLayout.replicate_layout 986:Dst text UUid:b72ea4c4-83c5-424b-aa8f-bb9faa878df4
11-03 23:35:57 com_github_MitjaNemec_ReplicateLayout.replicate_layout 985:Src text UUid:a9a62b57-01a5-4e4d-bf4f-8ce9db446663
11-03 23:35:57 com_github_MitjaNemec_ReplicateLayout.replicate_layout 986:Dst text UUid:bd9193c5-9d4a-4c0f-b311-3c5d75faa3ea
11-03 23:35:57 com_github_MitjaNemec_ReplicateLayout.replicate_layout 985:Src text UUid:335d83e3-4d6c-4de2-ae44-2cfb4e71b75c
11-03 23:35:57 com_github_MitjaNemec_ReplicateLayout.replicate_layout 986:Dst text UUid:a06ca96a-193a-4a20-951f-9719ed916f6f
11-03 23:35:57 com_github_MitjaNemec_ReplicateLayout.replicate_layout 985:Src text UUid:b8d86299-837d-4f48-8c07-c00e7d73178b
11-03 23:35:57 com_github_MitjaNemec_ReplicateLayout.replicate_layout 986:Dst text UUid:7aa6fcdc-e371-46b7-b40f-cd1e83554ae7
11-03 23:35:57 com_github_MitjaNemec_ReplicateLayout.replicate_layout 985:Src text UUid:3238ca30-92d1-4877-84a0-729caa06f498
11-03 23:35:57 com_github_MitjaNemec_ReplicateLayout.replicate_layout 986:Dst text UUid:5d9f5568-5a32-4e4e-a3d3-8bd0a2ca2da3
11-03 23:35:57 com_github_MitjaNemec_ReplicateLayout.replicate_layout 985:Src text UUid:a147e29c-7787-4f17-830c-86a9426dc682
11-03 23:35:57 com_github_MitjaNemec_ReplicateLayout.replicate_layout 986:Dst text UUid:e61898ef-e96f-4899-90ef-ec2a57620059
11-03 23:35:57 com_github_MitjaNemec_ReplicateLayout.replicate_layout 985:Src text UUid:f870e894-739a-4b59-a7af-fcd967b34ef4
11-03 23:35:57 com_github_MitjaNemec_ReplicateLayout.replicate_layout 986:Dst text UUid:293b20d0-50ff-47dd-b577-7e109f32837c
11-03 23:35:57 com_github_MitjaNemec_ReplicateLayout.replicate_layout 985:Src text UUid:269d5345-e4e8-48ad-8842-010e431d877b
11-03 23:35:57 com_github_MitjaNemec_ReplicateLayout.replicate_layout 986:Dst text UUid:e78fbec8-0f26-45b1-8fca-d88841d04557
11-03 23:35:57 com_github_MitjaNemec_ReplicateLayout.replicate_layout 985:Src text UUid:a4594eb1-f60f-4111-ba15-1837034c978b
11-03 23:35:57 com_github_MitjaNemec_ReplicateLayout.replicate_layout 986:Dst text UUid:a730f63b-d635-4ce3-b4a1-cee241a4c597
11-03 23:35:57 com_github_MitjaNemec_ReplicateLayout.replicate_layout 985:Src text UUid:b6a89434-5c45-4a09-ad1a-252907ed38af
11-03 23:35:57 com_github_MitjaNemec_ReplicateLayout.replicate_layout 986:Dst text UUid:a9b4dabf-84b9-42a4-92d0-123c32dffdab
11-03 23:35:57 root 332:updating GUI message: 'Replicating tracks'
11-03 23:35:57 com_github_MitjaNemec_ReplicateLayout.replicate_layout 1009:Replicating tracks
11-03 23:35:57 root 337:updating GUI with: 0
11-03 23:35:57 com_github_MitjaNemec_ReplicateLayout.replicate_layout 1015:Replicating tracks on sheet ['led_cur_lim8']
11-03 23:35:57 com_github_MitjaNemec_ReplicateLayout.replicate_layout 776:Significant difference between src net: ['', 'led_cluster1', 'DOWN0'] and dst net: ['', 'led_cur_lim8', 'DOWN'], with src_net_depth=3, dst_net_depth=3, src_fp_depth=2, dst_fp_depth=1, match level 0.80
11-03 23:35:57 com_github_MitjaNemec_ReplicateLayout.replicate_layout 776:Significant difference between src net: ['', 'led_cluster1', 'UP0'] and dst net: ['', 'led_cur_lim8', 'UP'], with src_net_depth=3, dst_net_depth=3, src_fp_depth=2, dst_fp_depth=1, match level 0.77
11-03 23:35:57 com_github_MitjaNemec_ReplicateLayout.replicate_layout 792:Net pairs for sheet ['led_cur_lim8'] :[('230VAC', '230VAC'), ('GND', 'GND'), ('/led_cluster1/led_cur_lim/UP_R', '/led_cur_lim8/UP_R'), ('/led_cluster1/led_cur_lim/DOWN_R', '/led_cur_lim8/DOWN_R'), ('+5V', '+5V'), ('/led_cluster1/DOWN0', '/led_cur_lim8/DOWN'), ('Net-(Q13-B)', 'Net-(Q27-B)'), ('/led_cluster1/led_cur_lim/UP_OUT', '/led_cur_lim8/UP_OUT'), ('/led_cluster1/UP0', '/led_cur_lim8/UP'), ('/led_cluster1/led_cur_lim/DOWN_OUT', '/led_cur_lim8/DOWN_OUT'), ('Net-(Q14-B)', 'Net-(Q28-B)')]
11-03 23:35:57 root 332:updating GUI message: 'Replicating zones'
11-03 23:35:57 com_github_MitjaNemec_ReplicateLayout.replicate_layout 1079:Replicating zones
11-03 23:35:57 com_github_MitjaNemec_ReplicateLayout.replicate_layout 1086:Replicating zones on sheet ['led_cur_lim8']
11-03 23:35:57 com_github_MitjaNemec_ReplicateLayout.replicate_layout 776:Significant difference between src net: ['', 'led_cluster1', 'DOWN0'] and dst net: ['', 'led_cur_lim8', 'DOWN'], with src_net_depth=3, dst_net_depth=3, src_fp_depth=2, dst_fp_depth=1, match level 0.80
11-03 23:35:57 com_github_MitjaNemec_ReplicateLayout.replicate_layout 776:Significant difference between src net: ['', 'led_cluster1', 'UP0'] and dst net: ['', 'led_cur_lim8', 'UP'], with src_net_depth=3, dst_net_depth=3, src_fp_depth=2, dst_fp_depth=1, match level 0.77
11-03 23:35:57 com_github_MitjaNemec_ReplicateLayout.replicate_layout 792:Net pairs for sheet ['led_cur_lim8'] :[('230VAC', '230VAC'), ('GND', 'GND'), ('/led_cluster1/led_cur_lim/UP_R', '/led_cur_lim8/UP_R'), ('/led_cluster1/led_cur_lim/DOWN_R', '/led_cur_lim8/DOWN_R'), ('+5V', '+5V'), ('/led_cluster1/DOWN0', '/led_cur_lim8/DOWN'), ('Net-(Q13-B)', 'Net-(Q27-B)'), ('/led_cluster1/led_cur_lim/UP_OUT', '/led_cur_lim8/UP_OUT'), ('/led_cluster1/UP0', '/led_cur_lim8/UP'), ('/led_cluster1/led_cur_lim/DOWN_OUT', '/led_cur_lim8/DOWN_OUT'), ('Net-(Q14-B)', 'Net-(Q28-B)')]
11-03 23:35:57 root 332:updating GUI message: 'Replicating text'
11-03 23:35:57 com_github_MitjaNemec_ReplicateLayout.replicate_layout 1168:Replicating text
11-03 23:35:57 com_github_MitjaNemec_ReplicateLayout.replicate_layout 1175:Replicating text on sheet ['led_cur_lim8']
11-03 23:35:57 root 332:updating GUI message: 'Replicating drawings'
11-03 23:35:57 com_github_MitjaNemec_ReplicateLayout.replicate_layout 1219:Replicating drawings
11-03 23:35:57 com_github_MitjaNemec_ReplicateLayout.replicate_layout 1225:Replicating drawings on sheet ['led_cur_lim8']
11-03 23:35:57 com_github_MitjaNemec_ReplicateLayout.action_replicate_layout 256:Replication complete
11-03 23:35:57 com_github_MitjaNemec_ReplicateLayout.action_replicate_layout 259:Letting the user know there are some issues with replicated design
11-03 23:35:57 com_github_MitjaNemec_ReplicateLayout.action_replicate_layout 263:Looks like the design has an exotic connectivity that the plugin might not handle properly
 Make sure that you check the connectivity around:
Footprint R49, pad 2
Footprint R50, pad 2

